[2023-10-13 15:15:37] local.ERROR: Class "LaravelLiberu\Enums\EnumServiceProvider" not found {"exception":"[object] (Error(code: 0): Class \"LaravelLiberu\\Enums\\EnumServiceProvider\" not found at /home/curtis/projects/new2/boilerplate/vendor/laravel-liberu/calendar/src/EnumServiceProvider.php:9)
[stacktrace]
#0 /home/curtis/projects/new2/boilerplate/vendor/composer/ClassLoader.php(576): include()
#1 /home/curtis/projects/new2/boilerplate/vendor/composer/ClassLoader.php(427): Composer\\Autoload\\{closure}()
#2 /home/curtis/projects/new2/boilerplate/vendor/laravel/framework/src/Illuminate/Foundation/ProviderRepository.php(206): Composer\\Autoload\\ClassLoader->loadClass()
#3 /home/curtis/projects/new2/boilerplate/vendor/laravel/framework/src/Illuminate/Foundation/ProviderRepository.php(142): Illuminate\\Foundation\\ProviderRepository->createProvider()
#4 /home/curtis/projects/new2/boilerplate/vendor/laravel/framework/src/Illuminate/Foundation/ProviderRepository.php(61): Illuminate\\Foundation\\ProviderRepository->compileManifest()
#5 /home/curtis/projects/new2/boilerplate/vendor/laravel/framework/src/Illuminate/Foundation/Application.php(745): Illuminate\\Foundation\\ProviderRepository->load()
#6 /home/curtis/projects/new2/boilerplate/vendor/laravel/framework/src/Illuminate/Foundation/Bootstrap/RegisterProviders.php(17): Illuminate\\Foundation\\Application->registerConfiguredProviders()
#7 /home/curtis/projects/new2/boilerplate/vendor/laravel/framework/src/Illuminate/Foundation/Application.php(261): Illuminate\\Foundation\\Bootstrap\\RegisterProviders->bootstrap()
#8 /home/curtis/projects/new2/boilerplate/vendor/laravel/framework/src/Illuminate/Foundation/Console/Kernel.php(447): Illuminate\\Foundation\\Application->bootstrapWith()
#9 /home/curtis/projects/new2/boilerplate/vendor/laravel/framework/src/Illuminate/Foundation/Console/Kernel.php(199): Illuminate\\Foundation\\Console\\Kernel->bootstrap()
#10 /home/curtis/projects/new2/boilerplate/artisan(35): Illuminate\\Foundation\\Console\\Kernel->handle()
#11 {main}
"} 
[2023-10-13 17:45:36] local.ERROR: Redis connection [horizon] has not been configured. {"exception":"[object] (Exception(code: 0): Redis connection [horizon] has not been configured. at /home/curtis/projects/new2/boilerplate/vendor/laravel/horizon/src/Horizon.php:105)
[stacktrace]
#0 /home/curtis/projects/new2/boilerplate/vendor/laravel/horizon/src/HorizonServiceProvider.php(167): Laravel\\Horizon\\Horizon::use()
#1 /home/curtis/projects/new2/boilerplate/vendor/laravel/horizon/src/HorizonServiceProvider.php(151): Laravel\\Horizon\\HorizonServiceProvider->configure()
#2 /home/curtis/projects/new2/boilerplate/vendor/laravel/framework/src/Illuminate/Foundation/Application.php(768): Laravel\\Horizon\\HorizonServiceProvider->register()
#3 /home/curtis/projects/new2/boilerplate/vendor/laravel/framework/src/Illuminate/Foundation/ProviderRepository.php(75): Illuminate\\Foundation\\Application->register()
#4 /home/curtis/projects/new2/boilerplate/vendor/laravel/framework/src/Illuminate/Foundation/Application.php(745): Illuminate\\Foundation\\ProviderRepository->load()
#5 /home/curtis/projects/new2/boilerplate/vendor/laravel/framework/src/Illuminate/Foundation/Bootstrap/RegisterProviders.php(17): Illuminate\\Foundation\\Application->registerConfiguredProviders()
#6 /home/curtis/projects/new2/boilerplate/vendor/laravel/framework/src/Illuminate/Foundation/Application.php(261): Illuminate\\Foundation\\Bootstrap\\RegisterProviders->bootstrap()
#7 /home/curtis/projects/new2/boilerplate/vendor/laravel/framework/src/Illuminate/Foundation/Console/Kernel.php(447): Illuminate\\Foundation\\Application->bootstrapWith()
#8 /home/curtis/projects/new2/boilerplate/vendor/laravel/framework/src/Illuminate/Foundation/Console/Kernel.php(199): Illuminate\\Foundation\\Console\\Kernel->bootstrap()
#9 /home/curtis/projects/new2/boilerplate/artisan(35): Illuminate\\Foundation\\Console\\Kernel->handle()
#10 {main}
"} 
[2023-10-13 17:47:41] testing.ERROR: Redis connection [horizon] has not been configured. {"exception":"[object] (Exception(code: 0): Redis connection [horizon] has not been configured. at /home/curtis/projects/new2/boilerplate/vendor/laravel/horizon/src/Horizon.php:105)
[stacktrace]
#0 /home/curtis/projects/new2/boilerplate/vendor/laravel/horizon/src/HorizonServiceProvider.php(167): Laravel\\Horizon\\Horizon::use()
#1 /home/curtis/projects/new2/boilerplate/vendor/laravel/horizon/src/HorizonServiceProvider.php(151): Laravel\\Horizon\\HorizonServiceProvider->configure()
#2 /home/curtis/projects/new2/boilerplate/vendor/laravel/framework/src/Illuminate/Foundation/Application.php(768): Laravel\\Horizon\\HorizonServiceProvider->register()
#3 /home/curtis/projects/new2/boilerplate/vendor/laravel/framework/src/Illuminate/Foundation/ProviderRepository.php(75): Illuminate\\Foundation\\Application->register()
#4 /home/curtis/projects/new2/boilerplate/vendor/laravel/framework/src/Illuminate/Foundation/Application.php(745): Illuminate\\Foundation\\ProviderRepository->load()
#5 /home/curtis/projects/new2/boilerplate/vendor/laravel/framework/src/Illuminate/Foundation/Bootstrap/RegisterProviders.php(17): Illuminate\\Foundation\\Application->registerConfiguredProviders()
#6 /home/curtis/projects/new2/boilerplate/vendor/laravel/framework/src/Illuminate/Foundation/Application.php(261): Illuminate\\Foundation\\Bootstrap\\RegisterProviders->bootstrap()
#7 /home/curtis/projects/new2/boilerplate/vendor/laravel/framework/src/Illuminate/Foundation/Console/Kernel.php(447): Illuminate\\Foundation\\Application->bootstrapWith()
#8 /home/curtis/projects/new2/boilerplate/vendor/laravel/framework/src/Illuminate/Foundation/Console/Kernel.php(199): Illuminate\\Foundation\\Console\\Kernel->bootstrap()
#9 /home/curtis/projects/new2/boilerplate/artisan(35): Illuminate\\Foundation\\Console\\Kernel->handle()
#10 {main}
"} 
[2023-10-13 17:51:02] testing.ERROR: Redis connection [horizon] has not been configured. {"exception":"[object] (Exception(code: 0): Redis connection [horizon] has not been configured. at /home/curtis/projects/new2/boilerplate/vendor/laravel/horizon/src/Horizon.php:105)
[stacktrace]
#0 /home/curtis/projects/new2/boilerplate/vendor/laravel/horizon/src/HorizonServiceProvider.php(167): Laravel\\Horizon\\Horizon::use()
#1 /home/curtis/projects/new2/boilerplate/vendor/laravel/horizon/src/HorizonServiceProvider.php(151): Laravel\\Horizon\\HorizonServiceProvider->configure()
#2 /home/curtis/projects/new2/boilerplate/vendor/laravel/framework/src/Illuminate/Foundation/Application.php(768): Laravel\\Horizon\\HorizonServiceProvider->register()
#3 /home/curtis/projects/new2/boilerplate/vendor/laravel/framework/src/Illuminate/Foundation/ProviderRepository.php(75): Illuminate\\Foundation\\Application->register()
#4 /home/curtis/projects/new2/boilerplate/vendor/laravel/framework/src/Illuminate/Foundation/Application.php(745): Illuminate\\Foundation\\ProviderRepository->load()
#5 /home/curtis/projects/new2/boilerplate/vendor/laravel/framework/src/Illuminate/Foundation/Bootstrap/RegisterProviders.php(17): Illuminate\\Foundation\\Application->registerConfiguredProviders()
#6 /home/curtis/projects/new2/boilerplate/vendor/laravel/framework/src/Illuminate/Foundation/Application.php(261): Illuminate\\Foundation\\Bootstrap\\RegisterProviders->bootstrap()
#7 /home/curtis/projects/new2/boilerplate/vendor/laravel/framework/src/Illuminate/Foundation/Console/Kernel.php(447): Illuminate\\Foundation\\Application->bootstrapWith()
#8 /home/curtis/projects/new2/boilerplate/vendor/laravel/framework/src/Illuminate/Foundation/Console/Kernel.php(199): Illuminate\\Foundation\\Console\\Kernel->bootstrap()
#9 /home/curtis/projects/new2/boilerplate/artisan(35): Illuminate\\Foundation\\Console\\Kernel->handle()
#10 {main}
"} 
[2023-10-13 17:51:33] testing.ERROR: Redis connection [horizon] has not been configured. {"exception":"[object] (Exception(code: 0): Redis connection [horizon] has not been configured. at /home/curtis/projects/new2/boilerplate/vendor/laravel/horizon/src/Horizon.php:105)
[stacktrace]
#0 /home/curtis/projects/new2/boilerplate/vendor/laravel/horizon/src/HorizonServiceProvider.php(167): Laravel\\Horizon\\Horizon::use()
#1 /home/curtis/projects/new2/boilerplate/vendor/laravel/horizon/src/HorizonServiceProvider.php(151): Laravel\\Horizon\\HorizonServiceProvider->configure()
#2 /home/curtis/projects/new2/boilerplate/vendor/laravel/framework/src/Illuminate/Foundation/Application.php(768): Laravel\\Horizon\\HorizonServiceProvider->register()
#3 /home/curtis/projects/new2/boilerplate/vendor/laravel/framework/src/Illuminate/Foundation/ProviderRepository.php(75): Illuminate\\Foundation\\Application->register()
#4 /home/curtis/projects/new2/boilerplate/vendor/laravel/framework/src/Illuminate/Foundation/Application.php(745): Illuminate\\Foundation\\ProviderRepository->load()
#5 /home/curtis/projects/new2/boilerplate/vendor/laravel/framework/src/Illuminate/Foundation/Bootstrap/RegisterProviders.php(17): Illuminate\\Foundation\\Application->registerConfiguredProviders()
#6 /home/curtis/projects/new2/boilerplate/vendor/laravel/framework/src/Illuminate/Foundation/Application.php(261): Illuminate\\Foundation\\Bootstrap\\RegisterProviders->bootstrap()
#7 /home/curtis/projects/new2/boilerplate/vendor/laravel/framework/src/Illuminate/Foundation/Console/Kernel.php(447): Illuminate\\Foundation\\Application->bootstrapWith()
#8 /home/curtis/projects/new2/boilerplate/vendor/laravel/framework/src/Illuminate/Foundation/Console/Kernel.php(199): Illuminate\\Foundation\\Console\\Kernel->bootstrap()
#9 /home/curtis/projects/new2/boilerplate/artisan(35): Illuminate\\Foundation\\Console\\Kernel->handle()
#10 {main}
"} 
[2023-10-13 17:52:04] testing.ERROR: Redis connection [horizon] has not been configured. {"exception":"[object] (Exception(code: 0): Redis connection [horizon] has not been configured. at /home/curtis/projects/new2/boilerplate/vendor/laravel/horizon/src/Horizon.php:105)
[stacktrace]
#0 /home/curtis/projects/new2/boilerplate/vendor/laravel/horizon/src/HorizonServiceProvider.php(167): Laravel\\Horizon\\Horizon::use()
#1 /home/curtis/projects/new2/boilerplate/vendor/laravel/horizon/src/HorizonServiceProvider.php(151): Laravel\\Horizon\\HorizonServiceProvider->configure()
#2 /home/curtis/projects/new2/boilerplate/vendor/laravel/framework/src/Illuminate/Foundation/Application.php(768): Laravel\\Horizon\\HorizonServiceProvider->register()
#3 /home/curtis/projects/new2/boilerplate/vendor/laravel/framework/src/Illuminate/Foundation/ProviderRepository.php(75): Illuminate\\Foundation\\Application->register()
#4 /home/curtis/projects/new2/boilerplate/vendor/laravel/framework/src/Illuminate/Foundation/Application.php(745): Illuminate\\Foundation\\ProviderRepository->load()
#5 /home/curtis/projects/new2/boilerplate/vendor/laravel/framework/src/Illuminate/Foundation/Bootstrap/RegisterProviders.php(17): Illuminate\\Foundation\\Application->registerConfiguredProviders()
#6 /home/curtis/projects/new2/boilerplate/vendor/laravel/framework/src/Illuminate/Foundation/Application.php(261): Illuminate\\Foundation\\Bootstrap\\RegisterProviders->bootstrap()
#7 /home/curtis/projects/new2/boilerplate/vendor/laravel/framework/src/Illuminate/Foundation/Console/Kernel.php(447): Illuminate\\Foundation\\Application->bootstrapWith()
#8 /home/curtis/projects/new2/boilerplate/vendor/laravel/framework/src/Illuminate/Foundation/Console/Kernel.php(199): Illuminate\\Foundation\\Console\\Kernel->bootstrap()
#9 /home/curtis/projects/new2/boilerplate/artisan(35): Illuminate\\Foundation\\Console\\Kernel->handle()
#10 {main}
"} 
[2023-10-13 17:53:32] testing.ERROR: Trait "LaravelLiberu\Tables\Traits\TableCache" not found {"exception":"[object] (Symfony\\Component\\ErrorHandler\\Error\\FatalError(code: 0): Trait \"LaravelLiberu\\Tables\\Traits\\TableCache\" not found at /home/curtis/projects/new2/boilerplate/vendor/laravel-liberu/users/src/Models/User.php:37)
[stacktrace]
#0 {main}
"} 
[2023-10-13 18:02:21] testing.ERROR: Class "LaravelEnso\Enums\Services\Enum" not found {"exception":"[object] (Error(code: 0): Class \"LaravelEnso\\Enums\\Services\\Enum\" not found at /home/curtis/projects/new2/boilerplate/vendor/laravel-liberu/cli/src/Enums/Options.php:8)
[stacktrace]
#0 /home/curtis/projects/new2/boilerplate/vendor/composer/ClassLoader.php(576): include()
#1 /home/curtis/projects/new2/boilerplate/vendor/composer/ClassLoader.php(427): Composer\\Autoload\\{closure}()
#2 /home/curtis/projects/new2/boilerplate/vendor/laravel-liberu/cli/src/Services/Choices.php(141): Composer\\Autoload\\ClassLoader->loadClass()
#3 /home/curtis/projects/new2/boilerplate/vendor/laravel-liberu/cli/src/Services/Choices.php(24): LaravelEnso\\Cli\\Services\\Choices->defaults()
#4 /home/curtis/projects/new2/boilerplate/vendor/laravel-liberu/cli/src/Commands/Cli.php(23): LaravelEnso\\Cli\\Services\\Choices->__construct()
#5 [internal function]: LaravelEnso\\Cli\\Commands\\Cli->__construct()
#6 /home/curtis/projects/new2/boilerplate/vendor/laravel/framework/src/Illuminate/Container/Container.php(952): ReflectionClass->newInstanceArgs()
#7 /home/curtis/projects/new2/boilerplate/vendor/laravel/framework/src/Illuminate/Container/Container.php(795): Illuminate\\Container\\Container->build()
#8 /home/curtis/projects/new2/boilerplate/vendor/laravel/framework/src/Illuminate/Foundation/Application.php(937): Illuminate\\Container\\Container->resolve()
#9 /home/curtis/projects/new2/boilerplate/vendor/laravel/framework/src/Illuminate/Container/Container.php(731): Illuminate\\Foundation\\Application->resolve()
#10 /home/curtis/projects/new2/boilerplate/vendor/laravel/framework/src/Illuminate/Foundation/Application.php(922): Illuminate\\Container\\Container->make()
#11 /home/curtis/projects/new2/boilerplate/vendor/laravel/framework/src/Illuminate/Console/Application.php(249): Illuminate\\Foundation\\Application->make()
#12 /home/curtis/projects/new2/boilerplate/vendor/laravel/framework/src/Illuminate/Console/Application.php(263): Illuminate\\Console\\Application->resolve()
#13 /home/curtis/projects/new2/boilerplate/vendor/laravel/framework/src/Illuminate/Support/ServiceProvider.php(404): Illuminate\\Console\\Application->resolveCommands()
#14 /home/curtis/projects/new2/boilerplate/vendor/laravel/framework/src/Illuminate/Console/Application.php(130): Illuminate\\Support\\ServiceProvider->Illuminate\\Support\\{closure}()
#15 /home/curtis/projects/new2/boilerplate/vendor/laravel/framework/src/Illuminate/Console/Application.php(77): Illuminate\\Console\\Application->bootstrap()
#16 /home/curtis/projects/new2/boilerplate/vendor/laravel/framework/src/Illuminate/Foundation/Console/Kernel.php(481): Illuminate\\Console\\Application->__construct()
#17 /home/curtis/projects/new2/boilerplate/vendor/laravel/framework/src/Illuminate/Foundation/Console/Kernel.php(201): Illuminate\\Foundation\\Console\\Kernel->getArtisan()
#18 /home/curtis/projects/new2/boilerplate/artisan(35): Illuminate\\Foundation\\Console\\Kernel->handle()
#19 {main}
"} 
[2023-10-13 18:04:49] testing.ERROR: Class "LaravelEnso\Enums\Services\Enum" not found {"exception":"[object] (Error(code: 0): Class \"LaravelEnso\\Enums\\Services\\Enum\" not found at /home/curtis/projects/new2/boilerplate/vendor/laravel-liberu/cli/src/Enums/Options.php:8)
[stacktrace]
#0 /home/curtis/projects/new2/boilerplate/vendor/composer/ClassLoader.php(576): include()
#1 /home/curtis/projects/new2/boilerplate/vendor/composer/ClassLoader.php(427): Composer\\Autoload\\{closure}()
#2 /home/curtis/projects/new2/boilerplate/vendor/laravel-liberu/cli/src/Services/Choices.php(141): Composer\\Autoload\\ClassLoader->loadClass()
#3 /home/curtis/projects/new2/boilerplate/vendor/laravel-liberu/cli/src/Services/Choices.php(24): LaravelEnso\\Cli\\Services\\Choices->defaults()
#4 /home/curtis/projects/new2/boilerplate/vendor/laravel-liberu/cli/src/Commands/Cli.php(23): LaravelEnso\\Cli\\Services\\Choices->__construct()
#5 [internal function]: LaravelEnso\\Cli\\Commands\\Cli->__construct()
#6 /home/curtis/projects/new2/boilerplate/vendor/laravel/framework/src/Illuminate/Container/Container.php(952): ReflectionClass->newInstanceArgs()
#7 /home/curtis/projects/new2/boilerplate/vendor/laravel/framework/src/Illuminate/Container/Container.php(795): Illuminate\\Container\\Container->build()
#8 /home/curtis/projects/new2/boilerplate/vendor/laravel/framework/src/Illuminate/Foundation/Application.php(937): Illuminate\\Container\\Container->resolve()
#9 /home/curtis/projects/new2/boilerplate/vendor/laravel/framework/src/Illuminate/Container/Container.php(731): Illuminate\\Foundation\\Application->resolve()
#10 /home/curtis/projects/new2/boilerplate/vendor/laravel/framework/src/Illuminate/Foundation/Application.php(922): Illuminate\\Container\\Container->make()
#11 /home/curtis/projects/new2/boilerplate/vendor/laravel/framework/src/Illuminate/Console/Application.php(249): Illuminate\\Foundation\\Application->make()
#12 /home/curtis/projects/new2/boilerplate/vendor/laravel/framework/src/Illuminate/Console/Application.php(263): Illuminate\\Console\\Application->resolve()
#13 /home/curtis/projects/new2/boilerplate/vendor/laravel/framework/src/Illuminate/Support/ServiceProvider.php(404): Illuminate\\Console\\Application->resolveCommands()
#14 /home/curtis/projects/new2/boilerplate/vendor/laravel/framework/src/Illuminate/Console/Application.php(130): Illuminate\\Support\\ServiceProvider->Illuminate\\Support\\{closure}()
#15 /home/curtis/projects/new2/boilerplate/vendor/laravel/framework/src/Illuminate/Console/Application.php(77): Illuminate\\Console\\Application->bootstrap()
#16 /home/curtis/projects/new2/boilerplate/vendor/laravel/framework/src/Illuminate/Foundation/Console/Kernel.php(481): Illuminate\\Console\\Application->__construct()
#17 /home/curtis/projects/new2/boilerplate/vendor/laravel/framework/src/Illuminate/Foundation/Console/Kernel.php(201): Illuminate\\Foundation\\Console\\Kernel->getArtisan()
#18 /home/curtis/projects/new2/boilerplate/artisan(35): Illuminate\\Foundation\\Console\\Kernel->handle()
#19 {main}
"} 
[2023-10-13 18:07:38] testing.ERROR: Class "LaravelEnso\Enums\Services\Enum" not found {"exception":"[object] (Error(code: 0): Class \"LaravelEnso\\Enums\\Services\\Enum\" not found at /home/curtis/projects/new2/boilerplate/vendor/laravel-liberu/cli/src/Enums/Options.php:8)
[stacktrace]
#0 /home/curtis/projects/new2/boilerplate/vendor/composer/ClassLoader.php(576): include()
#1 /home/curtis/projects/new2/boilerplate/vendor/composer/ClassLoader.php(427): Composer\\Autoload\\{closure}()
#2 /home/curtis/projects/new2/boilerplate/vendor/laravel-liberu/cli/src/Services/Choices.php(141): Composer\\Autoload\\ClassLoader->loadClass()
#3 /home/curtis/projects/new2/boilerplate/vendor/laravel-liberu/cli/src/Services/Choices.php(24): LaravelEnso\\Cli\\Services\\Choices->defaults()
#4 /home/curtis/projects/new2/boilerplate/vendor/laravel-liberu/cli/src/Commands/Cli.php(23): LaravelEnso\\Cli\\Services\\Choices->__construct()
#5 [internal function]: LaravelEnso\\Cli\\Commands\\Cli->__construct()
#6 /home/curtis/projects/new2/boilerplate/vendor/laravel/framework/src/Illuminate/Container/Container.php(952): ReflectionClass->newInstanceArgs()
#7 /home/curtis/projects/new2/boilerplate/vendor/laravel/framework/src/Illuminate/Container/Container.php(795): Illuminate\\Container\\Container->build()
#8 /home/curtis/projects/new2/boilerplate/vendor/laravel/framework/src/Illuminate/Foundation/Application.php(937): Illuminate\\Container\\Container->resolve()
#9 /home/curtis/projects/new2/boilerplate/vendor/laravel/framework/src/Illuminate/Container/Container.php(731): Illuminate\\Foundation\\Application->resolve()
#10 /home/curtis/projects/new2/boilerplate/vendor/laravel/framework/src/Illuminate/Foundation/Application.php(922): Illuminate\\Container\\Container->make()
#11 /home/curtis/projects/new2/boilerplate/vendor/laravel/framework/src/Illuminate/Console/Application.php(249): Illuminate\\Foundation\\Application->make()
#12 /home/curtis/projects/new2/boilerplate/vendor/laravel/framework/src/Illuminate/Console/Application.php(263): Illuminate\\Console\\Application->resolve()
#13 /home/curtis/projects/new2/boilerplate/vendor/laravel/framework/src/Illuminate/Support/ServiceProvider.php(404): Illuminate\\Console\\Application->resolveCommands()
#14 /home/curtis/projects/new2/boilerplate/vendor/laravel/framework/src/Illuminate/Console/Application.php(130): Illuminate\\Support\\ServiceProvider->Illuminate\\Support\\{closure}()
#15 /home/curtis/projects/new2/boilerplate/vendor/laravel/framework/src/Illuminate/Console/Application.php(77): Illuminate\\Console\\Application->bootstrap()
#16 /home/curtis/projects/new2/boilerplate/vendor/laravel/framework/src/Illuminate/Foundation/Console/Kernel.php(481): Illuminate\\Console\\Application->__construct()
#17 /home/curtis/projects/new2/boilerplate/vendor/laravel/framework/src/Illuminate/Foundation/Console/Kernel.php(201): Illuminate\\Foundation\\Console\\Kernel->getArtisan()
#18 /home/curtis/projects/new2/boilerplate/artisan(35): Illuminate\\Foundation\\Console\\Kernel->handle()
#19 {main}
"} 
[2023-10-13 18:12:38] testing.ERROR: Class "LaravelEnso\Enums\Services\Enum" not found {"exception":"[object] (Error(code: 0): Class \"LaravelEnso\\Enums\\Services\\Enum\" not found at /home/curtis/projects/new2/boilerplate/vendor/laravel-liberu/cli/src/Enums/Options.php:8)
[stacktrace]
#0 /home/curtis/projects/new2/boilerplate/vendor/composer/ClassLoader.php(576): include()
#1 /home/curtis/projects/new2/boilerplate/vendor/composer/ClassLoader.php(427): Composer\\Autoload\\{closure}()
#2 /home/curtis/projects/new2/boilerplate/vendor/laravel-liberu/cli/src/Services/Choices.php(141): Composer\\Autoload\\ClassLoader->loadClass()
#3 /home/curtis/projects/new2/boilerplate/vendor/laravel-liberu/cli/src/Services/Choices.php(24): LaravelEnso\\Cli\\Services\\Choices->defaults()
#4 /home/curtis/projects/new2/boilerplate/vendor/laravel-liberu/cli/src/Commands/Cli.php(23): LaravelEnso\\Cli\\Services\\Choices->__construct()
#5 [internal function]: LaravelEnso\\Cli\\Commands\\Cli->__construct()
#6 /home/curtis/projects/new2/boilerplate/vendor/laravel/framework/src/Illuminate/Container/Container.php(952): ReflectionClass->newInstanceArgs()
#7 /home/curtis/projects/new2/boilerplate/vendor/laravel/framework/src/Illuminate/Container/Container.php(795): Illuminate\\Container\\Container->build()
#8 /home/curtis/projects/new2/boilerplate/vendor/laravel/framework/src/Illuminate/Foundation/Application.php(937): Illuminate\\Container\\Container->resolve()
#9 /home/curtis/projects/new2/boilerplate/vendor/laravel/framework/src/Illuminate/Container/Container.php(731): Illuminate\\Foundation\\Application->resolve()
#10 /home/curtis/projects/new2/boilerplate/vendor/laravel/framework/src/Illuminate/Foundation/Application.php(922): Illuminate\\Container\\Container->make()
#11 /home/curtis/projects/new2/boilerplate/vendor/laravel/framework/src/Illuminate/Console/Application.php(249): Illuminate\\Foundation\\Application->make()
#12 /home/curtis/projects/new2/boilerplate/vendor/laravel/framework/src/Illuminate/Console/Application.php(263): Illuminate\\Console\\Application->resolve()
#13 /home/curtis/projects/new2/boilerplate/vendor/laravel/framework/src/Illuminate/Support/ServiceProvider.php(404): Illuminate\\Console\\Application->resolveCommands()
#14 /home/curtis/projects/new2/boilerplate/vendor/laravel/framework/src/Illuminate/Console/Application.php(130): Illuminate\\Support\\ServiceProvider->Illuminate\\Support\\{closure}()
#15 /home/curtis/projects/new2/boilerplate/vendor/laravel/framework/src/Illuminate/Console/Application.php(77): Illuminate\\Console\\Application->bootstrap()
#16 /home/curtis/projects/new2/boilerplate/vendor/laravel/framework/src/Illuminate/Foundation/Console/Kernel.php(481): Illuminate\\Console\\Application->__construct()
#17 /home/curtis/projects/new2/boilerplate/vendor/laravel/framework/src/Illuminate/Foundation/Console/Kernel.php(201): Illuminate\\Foundation\\Console\\Kernel->getArtisan()
#18 /home/curtis/projects/new2/boilerplate/artisan(35): Illuminate\\Foundation\\Console\\Kernel->handle()
#19 {main}
"} 
[2023-10-13 18:16:30] testing.ERROR: Class "LaravelEnso\Enums\Services\Enum" not found {"exception":"[object] (Error(code: 0): Class \"LaravelEnso\\Enums\\Services\\Enum\" not found at /home/curtis/projects/new2/boilerplate/vendor/laravel-liberu/cli/src/Enums/Options.php:8)
[stacktrace]
#0 /home/curtis/projects/new2/boilerplate/vendor/composer/ClassLoader.php(576): include()
#1 /home/curtis/projects/new2/boilerplate/vendor/composer/ClassLoader.php(427): Composer\\Autoload\\{closure}()
#2 /home/curtis/projects/new2/boilerplate/vendor/laravel-liberu/cli/src/Services/Choices.php(141): Composer\\Autoload\\ClassLoader->loadClass()
#3 /home/curtis/projects/new2/boilerplate/vendor/laravel-liberu/cli/src/Services/Choices.php(24): LaravelEnso\\Cli\\Services\\Choices->defaults()
#4 /home/curtis/projects/new2/boilerplate/vendor/laravel-liberu/cli/src/Commands/Cli.php(23): LaravelEnso\\Cli\\Services\\Choices->__construct()
#5 [internal function]: LaravelEnso\\Cli\\Commands\\Cli->__construct()
#6 /home/curtis/projects/new2/boilerplate/vendor/laravel/framework/src/Illuminate/Container/Container.php(952): ReflectionClass->newInstanceArgs()
#7 /home/curtis/projects/new2/boilerplate/vendor/laravel/framework/src/Illuminate/Container/Container.php(795): Illuminate\\Container\\Container->build()
#8 /home/curtis/projects/new2/boilerplate/vendor/laravel/framework/src/Illuminate/Foundation/Application.php(937): Illuminate\\Container\\Container->resolve()
#9 /home/curtis/projects/new2/boilerplate/vendor/laravel/framework/src/Illuminate/Container/Container.php(731): Illuminate\\Foundation\\Application->resolve()
#10 /home/curtis/projects/new2/boilerplate/vendor/laravel/framework/src/Illuminate/Foundation/Application.php(922): Illuminate\\Container\\Container->make()
#11 /home/curtis/projects/new2/boilerplate/vendor/laravel/framework/src/Illuminate/Console/Application.php(249): Illuminate\\Foundation\\Application->make()
#12 /home/curtis/projects/new2/boilerplate/vendor/laravel/framework/src/Illuminate/Console/Application.php(263): Illuminate\\Console\\Application->resolve()
#13 /home/curtis/projects/new2/boilerplate/vendor/laravel/framework/src/Illuminate/Support/ServiceProvider.php(404): Illuminate\\Console\\Application->resolveCommands()
#14 /home/curtis/projects/new2/boilerplate/vendor/laravel/framework/src/Illuminate/Console/Application.php(130): Illuminate\\Support\\ServiceProvider->Illuminate\\Support\\{closure}()
#15 /home/curtis/projects/new2/boilerplate/vendor/laravel/framework/src/Illuminate/Console/Application.php(77): Illuminate\\Console\\Application->bootstrap()
#16 /home/curtis/projects/new2/boilerplate/vendor/laravel/framework/src/Illuminate/Foundation/Console/Kernel.php(481): Illuminate\\Console\\Application->__construct()
#17 /home/curtis/projects/new2/boilerplate/vendor/laravel/framework/src/Illuminate/Foundation/Console/Kernel.php(201): Illuminate\\Foundation\\Console\\Kernel->getArtisan()
#18 /home/curtis/projects/new2/boilerplate/artisan(35): Illuminate\\Foundation\\Console\\Kernel->handle()
#19 {main}
"} 
[2023-10-13 18:20:49] testing.ERROR: SQLSTATE[HY000] [1045] Access denied for user 'root'@'localhost' (using password: NO) (Connection: mysql, SQL: select * from information_schema.tables where table_schema = liberu and table_name = languages and table_type = 'BASE TABLE') {"exception":"[object] (Illuminate\\Database\\QueryException(code: 1045): SQLSTATE[HY000] [1045] Access denied for user 'root'@'localhost' (using password: NO) (Connection: mysql, SQL: select * from information_schema.tables where table_schema = liberu and table_name = languages and table_type = 'BASE TABLE') at /home/curtis/projects/new2/boilerplate/vendor/laravel/framework/src/Illuminate/Database/Connection.php:801)
[stacktrace]
#0 /home/curtis/projects/new2/boilerplate/vendor/laravel/framework/src/Illuminate/Database/Connection.php(755): Illuminate\\Database\\Connection->runQueryCallback()
#1 /home/curtis/projects/new2/boilerplate/vendor/laravel/framework/src/Illuminate/Database/Connection.php(407): Illuminate\\Database\\Connection->run()
#2 /home/curtis/projects/new2/boilerplate/vendor/laravel/framework/src/Illuminate/Database/Connection.php(394): Illuminate\\Database\\Connection->select()
#3 /home/curtis/projects/new2/boilerplate/vendor/laravel/framework/src/Illuminate/Database/Schema/MySqlBuilder.php(43): Illuminate\\Database\\Connection->selectFromWriteConnection()
#4 /home/curtis/projects/new2/boilerplate/vendor/laravel/framework/src/Illuminate/Support/Facades/Facade.php(353): Illuminate\\Database\\Schema\\MySqlBuilder->hasTable()
#5 /home/curtis/projects/new2/boilerplate/vendor/laravel-liberu/localisation/src/Commands/Merge.php(19): Illuminate\\Support\\Facades\\Facade::__callStatic()
#6 /home/curtis/projects/new2/boilerplate/vendor/laravel/framework/src/Illuminate/Container/BoundMethod.php(36): LaravelLiberu\\Localisation\\Commands\\Merge->handle()
#7 /home/curtis/projects/new2/boilerplate/vendor/laravel/framework/src/Illuminate/Container/Util.php(41): Illuminate\\Container\\BoundMethod::Illuminate\\Container\\{closure}()
#8 /home/curtis/projects/new2/boilerplate/vendor/laravel/framework/src/Illuminate/Container/BoundMethod.php(93): Illuminate\\Container\\Util::unwrapIfClosure()
#9 /home/curtis/projects/new2/boilerplate/vendor/laravel/framework/src/Illuminate/Container/BoundMethod.php(35): Illuminate\\Container\\BoundMethod::callBoundMethod()
#10 /home/curtis/projects/new2/boilerplate/vendor/laravel/framework/src/Illuminate/Container/Container.php(662): Illuminate\\Container\\BoundMethod::call()
#11 /home/curtis/projects/new2/boilerplate/vendor/laravel/framework/src/Illuminate/Console/Command.php(211): Illuminate\\Container\\Container->call()
#12 /home/curtis/projects/new2/boilerplate/vendor/symfony/console/Command/Command.php(326): Illuminate\\Console\\Command->execute()
#13 /home/curtis/projects/new2/boilerplate/vendor/laravel/framework/src/Illuminate/Console/Command.php(180): Symfony\\Component\\Console\\Command\\Command->run()
#14 /home/curtis/projects/new2/boilerplate/vendor/symfony/console/Application.php(1063): Illuminate\\Console\\Command->run()
#15 /home/curtis/projects/new2/boilerplate/vendor/symfony/console/Application.php(320): Symfony\\Component\\Console\\Application->doRunCommand()
#16 /home/curtis/projects/new2/boilerplate/vendor/symfony/console/Application.php(174): Symfony\\Component\\Console\\Application->doRun()
#17 /home/curtis/projects/new2/boilerplate/vendor/laravel/framework/src/Illuminate/Foundation/Console/Kernel.php(201): Symfony\\Component\\Console\\Application->run()
#18 /home/curtis/projects/new2/boilerplate/artisan(35): Illuminate\\Foundation\\Console\\Kernel->handle()
#19 {main}

[previous exception] [object] (PDOException(code: 1045): SQLSTATE[HY000] [1045] Access denied for user 'root'@'localhost' (using password: NO) at /home/curtis/projects/new2/boilerplate/vendor/laravel/framework/src/Illuminate/Database/Connectors/Connector.php:65)
[stacktrace]
#0 /home/curtis/projects/new2/boilerplate/vendor/laravel/framework/src/Illuminate/Database/Connectors/Connector.php(65): PDO->__construct()
#1 /home/curtis/projects/new2/boilerplate/vendor/laravel/framework/src/Illuminate/Database/Connectors/Connector.php(44): Illuminate\\Database\\Connectors\\Connector->createPdoConnection()
#2 /home/curtis/projects/new2/boilerplate/vendor/laravel/framework/src/Illuminate/Database/Connectors/MySqlConnector.php(24): Illuminate\\Database\\Connectors\\Connector->createConnection()
#3 /home/curtis/projects/new2/boilerplate/vendor/laravel/framework/src/Illuminate/Database/Connectors/ConnectionFactory.php(184): Illuminate\\Database\\Connectors\\MySqlConnector->connect()
#4 [internal function]: Illuminate\\Database\\Connectors\\ConnectionFactory->Illuminate\\Database\\Connectors\\{closure}()
#5 /home/curtis/projects/new2/boilerplate/vendor/laravel/framework/src/Illuminate/Database/Connection.php(1292): call_user_func()
#6 /home/curtis/projects/new2/boilerplate/vendor/laravel/framework/src/Illuminate/Database/Connection.php(521): Illuminate\\Database\\Connection->getPdo()
#7 /home/curtis/projects/new2/boilerplate/vendor/laravel/framework/src/Illuminate/Database/Connection.php(416): Illuminate\\Database\\Connection->getPdoForSelect()
#8 /home/curtis/projects/new2/boilerplate/vendor/laravel/framework/src/Illuminate/Database/Connection.php(788): Illuminate\\Database\\Connection->Illuminate\\Database\\{closure}()
#9 /home/curtis/projects/new2/boilerplate/vendor/laravel/framework/src/Illuminate/Database/Connection.php(755): Illuminate\\Database\\Connection->runQueryCallback()
#10 /home/curtis/projects/new2/boilerplate/vendor/laravel/framework/src/Illuminate/Database/Connection.php(407): Illuminate\\Database\\Connection->run()
#11 /home/curtis/projects/new2/boilerplate/vendor/laravel/framework/src/Illuminate/Database/Connection.php(394): Illuminate\\Database\\Connection->select()
#12 /home/curtis/projects/new2/boilerplate/vendor/laravel/framework/src/Illuminate/Database/Schema/MySqlBuilder.php(43): Illuminate\\Database\\Connection->selectFromWriteConnection()
#13 /home/curtis/projects/new2/boilerplate/vendor/laravel/framework/src/Illuminate/Support/Facades/Facade.php(353): Illuminate\\Database\\Schema\\MySqlBuilder->hasTable()
#14 /home/curtis/projects/new2/boilerplate/vendor/laravel-liberu/localisation/src/Commands/Merge.php(19): Illuminate\\Support\\Facades\\Facade::__callStatic()
#15 /home/curtis/projects/new2/boilerplate/vendor/laravel/framework/src/Illuminate/Container/BoundMethod.php(36): LaravelLiberu\\Localisation\\Commands\\Merge->handle()
#16 /home/curtis/projects/new2/boilerplate/vendor/laravel/framework/src/Illuminate/Container/Util.php(41): Illuminate\\Container\\BoundMethod::Illuminate\\Container\\{closure}()
#17 /home/curtis/projects/new2/boilerplate/vendor/laravel/framework/src/Illuminate/Container/BoundMethod.php(93): Illuminate\\Container\\Util::unwrapIfClosure()
#18 /home/curtis/projects/new2/boilerplate/vendor/laravel/framework/src/Illuminate/Container/BoundMethod.php(35): Illuminate\\Container\\BoundMethod::callBoundMethod()
#19 /home/curtis/projects/new2/boilerplate/vendor/laravel/framework/src/Illuminate/Container/Container.php(662): Illuminate\\Container\\BoundMethod::call()
#20 /home/curtis/projects/new2/boilerplate/vendor/laravel/framework/src/Illuminate/Console/Command.php(211): Illuminate\\Container\\Container->call()
#21 /home/curtis/projects/new2/boilerplate/vendor/symfony/console/Command/Command.php(326): Illuminate\\Console\\Command->execute()
#22 /home/curtis/projects/new2/boilerplate/vendor/laravel/framework/src/Illuminate/Console/Command.php(180): Symfony\\Component\\Console\\Command\\Command->run()
#23 /home/curtis/projects/new2/boilerplate/vendor/symfony/console/Application.php(1063): Illuminate\\Console\\Command->run()
#24 /home/curtis/projects/new2/boilerplate/vendor/symfony/console/Application.php(320): Symfony\\Component\\Console\\Application->doRunCommand()
#25 /home/curtis/projects/new2/boilerplate/vendor/symfony/console/Application.php(174): Symfony\\Component\\Console\\Application->doRun()
#26 /home/curtis/projects/new2/boilerplate/vendor/laravel/framework/src/Illuminate/Foundation/Console/Kernel.php(201): Symfony\\Component\\Console\\Application->run()
#27 /home/curtis/projects/new2/boilerplate/artisan(35): Illuminate\\Foundation\\Console\\Kernel->handle()
#28 {main}
"} 
